"../../../Engine/Content/EngineMaterials/T_Default_Material_Grid_M.ubulk" 0
"../../../Engine/Content/EngineMaterials/T_Default_Material_Grid_M.uasset" 1
"../../../Engine/Content/EngineMaterials/T_Default_Material_Grid_M.uexp" 2
"../../../Engine/Content/EngineMaterials/T_Default_Material_Grid_N.ubulk" 3
"../../../Engine/Content/EngineMaterials/T_Default_Material_Grid_N.uasset" 4
"../../../Engine/Content/EngineMaterials/T_Default_Material_Grid_N.uexp" 5
"../../../Engine/Content/Functions/Engine_MaterialFunctions01/Opacity/CameraDepthFade.uasset" 6
"../../../Engine/Content/Functions/Engine_MaterialFunctions01/Opacity/CameraDepthFade.uexp" 7
"../../../Engine/Content/EngineMaterials/WorldGridMaterial.uasset" 8
"../../../Engine/Content/EngineMaterials/WorldGridMaterial.uexp" 9
"../../../Engine/Content/BasicShapes/Plane.ubulk" 10
"../../../Engine/Content/BasicShapes/Plane.uasset" 11
"../../../Engine/Content/BasicShapes/Plane.uexp" 12
"../../../Engine/Content/EngineMaterials/DefaultMaterial.uasset" 13
"../../../Engine/Content/EngineMaterials/DefaultMaterial.uexp" 14
"../../../Engine/Content/BasicShapes/Cylinder.ubulk" 15
"../../../Engine/Content/BasicShapes/Cylinder.uasset" 16
"../../../Engine/Content/BasicShapes/Cylinder.uexp" 17
"../../../Engine/Content/BasicShapes/Cone.ubulk" 18
"../../../Engine/Content/BasicShapes/Cone.uasset" 19
"../../../Engine/Content/BasicShapes/Cone.uexp" 20
"../../../Engine/Content/ArtTools/RenderToTexture/Meshes/S_1_Unit_Plane.ubulk" 21
"../../../Engine/Content/ArtTools/RenderToTexture/Meshes/S_1_Unit_Plane.uasset" 22
"../../../Engine/Content/ArtTools/RenderToTexture/Meshes/S_1_Unit_Plane.uexp" 23
"../../../Engine/Content/EditorLandscapeResources/DefaultAlphaTexture.uasset" 24
"../../../Engine/Content/EditorLandscapeResources/DefaultAlphaTexture.uexp" 25
"../../../Engine/Content/EditorLandscapeResources/DataLayer.uasset" 26
"../../../Engine/Content/EditorLandscapeResources/DataLayer.uexp" 27
"../../../Engine/Content/EditorMaterials/PreviewShadowIndicator.ubulk" 28
"../../../Engine/Content/EditorMaterials/PreviewShadowIndicator.uasset" 29
"../../../Engine/Content/EditorMaterials/PreviewShadowIndicator.uexp" 30
"../../../Engine/Content/EditorMaterials/PreviewShadowIndicatorMaterial.uasset" 31
"../../../Engine/Content/EditorMaterials/PreviewShadowIndicatorMaterial.uexp" 32
"../../../Engine/Content/EditorMaterials/MAT_Groups_Visibility.uasset" 33
"../../../Engine/Content/EditorMaterials/MAT_Groups_Visibility.uexp" 34
"../../../Engine/Content/EditorMaterials/MAT_Groups_Toggle.uasset" 35
"../../../Engine/Content/EditorMaterials/MAT_Groups_Toggle.uexp" 36
"../../../Engine/Content/EditorMaterials/MatineeGroups/MAT_Groups_Vector.uasset" 37
"../../../Engine/Content/EditorMaterials/MatineeGroups/MAT_Groups_Vector.uexp" 38
"../../../Engine/Content/EditorMaterials/MatineeGroups/MAT_Groups_Sound.uasset" 39
"../../../Engine/Content/EditorMaterials/MatineeGroups/MAT_Groups_Sound.uexp" 40
"../../../Engine/Content/EditorMaterials/MatineeGroups/MAT_Groups_Slomo.uasset" 41
"../../../Engine/Content/EditorMaterials/MatineeGroups/MAT_Groups_Slomo.uexp" 42
"../../../Engine/Content/EditorMaterials/MatineeGroups/MAT_Groups_Move.uasset" 43
"../../../Engine/Content/EditorMaterials/MatineeGroups/MAT_Groups_Move.uexp" 44
"../../../Engine/Content/EditorMaterials/MatineeGroups/MAT_Groups_Float.uasset" 45
"../../../Engine/Content/EditorMaterials/MatineeGroups/MAT_Groups_Float.uexp" 46
"../../../Engine/Content/EditorMaterials/MatineeGroups/MAT_Groups_Fade.uasset" 47
"../../../Engine/Content/EditorMaterials/MatineeGroups/MAT_Groups_Fade.uexp" 48
"../../../Engine/Content/EditorMaterials/MatineeGroups/MAT_Groups_Event.uasset" 49
"../../../Engine/Content/EditorMaterials/MatineeGroups/MAT_Groups_Event.uexp" 50
"../../../Engine/Content/EditorMaterials/MatineeGroups/MAT_Groups_Director.uasset" 51
"../../../Engine/Content/EditorMaterials/MatineeGroups/MAT_Groups_Director.uexp" 52
"../../../Engine/Content/EditorMaterials/MatineeGroups/MAT_Groups_AudioMaster.uasset" 53
"../../../Engine/Content/EditorMaterials/MatineeGroups/MAT_Groups_AudioMaster.uexp" 54
"../../../Engine/Content/EditorMaterials/MatineeGroups/MAT_Groups_Anim.uasset" 55
"../../../Engine/Content/EditorMaterials/MatineeGroups/MAT_Groups_Anim.uexp" 56
"../../../Engine/Content/EditorMaterials/MatineeGroups/MAT_ColorTrack.uasset" 57
"../../../Engine/Content/EditorMaterials/MatineeGroups/MAT_ColorTrack.uexp" 58
"../../../Engine/Content/EditorMaterials/ParticleSystems/PSysThumbnail_OOD.ubulk" 59
"../../../Engine/Content/EditorMaterials/ParticleSystems/PSysThumbnail_OOD.uasset" 60
"../../../Engine/Content/EditorMaterials/ParticleSystems/PSysThumbnail_OOD.uexp" 61
"../../../Engine/Content/EditorMaterials/ParticleSystems/PSysThumbnail_NoImage.ubulk" 62
"../../../Engine/Content/EditorMaterials/ParticleSystems/PSysThumbnail_NoImage.uasset" 63
"../../../Engine/Content/EditorMaterials/ParticleSystems/PSysThumbnail_NoImage.uexp" 64
"../../../Engine/Content/Functions/Engine_MaterialFunctions02/Utility/MakeFloat4.uasset" 65
"../../../Engine/Content/Functions/Engine_MaterialFunctions02/Utility/MakeFloat4.uexp" 66
"../../../Engine/Content/Functions/Engine_MaterialFunctions02/Utility/MakeFloat3.uasset" 67
"../../../Engine/Content/Functions/Engine_MaterialFunctions02/Utility/MakeFloat3.uexp" 68
"../../../Engine/Content/Functions/Engine_MaterialFunctions02/Utility/BreakOutFloat3Components.uasset" 69
"../../../Engine/Content/Functions/Engine_MaterialFunctions02/Utility/BreakOutFloat3Components.uexp" 70
"../../../Engine/Content/EditorMaterials/WorldPartition/WorldPartitionSpatialHashGridPreviewMaterial.uasset" 71
"../../../Engine/Content/EditorMaterials/WorldPartition/WorldPartitionSpatialHashGridPreviewMaterial.uexp" 72
"../../../Engine/Content/EditorMaterials/Camera/CineMat.uasset" 73
"../../../Engine/Content/EditorMaterials/Camera/CineMat.uexp" 74
"../../../Engine/Content/EditorMaterials/Camera/MI_CineMat_Rig.uasset" 75
"../../../Engine/Content/EditorMaterials/Camera/MI_CineMat_Rig.uexp" 76
"../../../Engine/Content/EditorMeshes/Camera/SM_RailRig_Track.ubulk" 77
"../../../Engine/Content/EditorMeshes/Camera/SM_RailRig_Track.uasset" 78
"../../../Engine/Content/EditorMeshes/Camera/SM_RailRig_Track.uexp" 79
"../../../Engine/Content/EditorMeshes/Camera/SM_RailRig_Mount.ubulk" 80
"../../../Engine/Content/EditorMeshes/Camera/SM_RailRig_Mount.uasset" 81
"../../../Engine/Content/EditorMeshes/Camera/SM_RailRig_Mount.uexp" 82
"../../../Engine/Content/EditorMeshes/Camera/SM_CraneRig_Mount.ubulk" 83
"../../../Engine/Content/EditorMeshes/Camera/SM_CraneRig_Mount.uasset" 84
"../../../Engine/Content/EditorMeshes/Camera/SM_CraneRig_Mount.uexp" 85
"../../../Engine/Content/EditorMeshes/Camera/SM_CraneRig_Body.ubulk" 86
"../../../Engine/Content/EditorMeshes/Camera/SM_CraneRig_Body.uasset" 87
"../../../Engine/Content/EditorMeshes/Camera/SM_CraneRig_Body.uexp" 88
"../../../Engine/Content/EditorMeshes/Camera/SM_CraneRig_Base.ubulk" 89
"../../../Engine/Content/EditorMeshes/Camera/SM_CraneRig_Base.uasset" 90
"../../../Engine/Content/EditorMeshes/Camera/SM_CraneRig_Base.uexp" 91
"../../../Engine/Content/EditorMeshes/Camera/SM_CraneRig_Arm.ubulk" 92
"../../../Engine/Content/EditorMeshes/Camera/SM_CraneRig_Arm.uasset" 93
"../../../Engine/Content/EditorMeshes/Camera/SM_CraneRig_Arm.uexp" 94
"../../../Engine/Content/EditorResources/S_TriggerSphere.uasset" 95
"../../../Engine/Content/EditorResources/S_TriggerSphere.uexp" 96
"../../../Engine/Content/EditorResources/S_TriggerCapsule.uasset" 97
"../../../Engine/Content/EditorResources/S_TriggerCapsule.uexp" 98
"../../../Engine/Content/EditorResources/S_TriggerBox.uasset" 99
"../../../Engine/Content/EditorResources/S_TriggerBox.uexp" 100
"../../../Engine/Content/EditorResources/S_Trigger.ubulk" 101
"../../../Engine/Content/EditorResources/S_Trigger.uasset" 102
"../../../Engine/Content/EditorResources/S_Trigger.uexp" 103
"../../../Engine/Content/EditorResources/S_Terrain.ubulk" 104
"../../../Engine/Content/EditorResources/S_Terrain.uasset" 105
"../../../Engine/Content/EditorResources/S_Terrain.uexp" 106
"../../../Engine/Content/EditorResources/S_Solver.ubulk" 107
"../../../Engine/Content/EditorResources/S_Solver.uasset" 108
"../../../Engine/Content/EditorResources/S_Solver.uexp" 109
"../../../Engine/Content/EditorResources/S_BoxReflectionCapture.uasset" 110
"../../../Engine/Content/EditorResources/S_BoxReflectionCapture.uexp" 111
"../../../Engine/Content/EditorResources/S_Actor.ubulk" 112
"../../../Engine/Content/EditorResources/S_Actor.uasset" 113
"../../../Engine/Content/EditorResources/S_Actor.uexp" 114
"../../../Engine/Content/EditorResources/EmptyActor.uasset" 115
"../../../Engine/Content/EditorResources/EmptyActor.uexp" 116
"../../../Engine/Content/EditorResources/BSPVertex.uasset" 117
"../../../Engine/Content/EditorResources/BSPVertex.uexp" 118
"../../../Engine/Content/EditorResources/SequenceRecorder/RecordingIndicator.uasset" 119
"../../../Engine/Content/EditorResources/SequenceRecorder/RecordingIndicator.uexp" 120
"../../../Engine/Content/EditorResources/SequenceRecorder/Countdown.uasset" 121
"../../../Engine/Content/EditorResources/SequenceRecorder/Countdown.uexp" 122
"../../../Engine/Content/EngineDamageTypes/DmgTypeBP_Environmental.uasset" 123
"../../../Engine/Content/EngineDamageTypes/DmgTypeBP_Environmental.uexp" 124
"../../../Engine/Content/Functions/Engine_MaterialFunctions02/Utility/CameraDirectionVector.uasset" 125
"../../../Engine/Content/Functions/Engine_MaterialFunctions02/Utility/CameraDirectionVector.uexp" 126
"../../../Engine/Content/EngineDebugMaterials/VolumeToRender.uasset" 127
"../../../Engine/Content/EngineDebugMaterials/VolumeToRender.uexp" 128
"../../../Engine/Content/EngineDebugMaterials/M_VolumeRenderSphereTracePP.uasset" 129
"../../../Engine/Content/EngineDebugMaterials/M_VolumeRenderSphereTracePP.uexp" 130
"../../../Engine/Content/EngineDebugMaterials/M_SimpleUnlitTranslucent.uasset" 131
"../../../Engine/Content/EngineDebugMaterials/M_SimpleUnlitTranslucent.uexp" 132
"../../../Engine/Content/EngineDebugMaterials/DebugMeshMaterial.uasset" 133
"../../../Engine/Content/EngineDebugMaterials/DebugMeshMaterial.uexp" 134
"../../../Engine/Content/EngineDebugMaterials/DebugEditorMaterial.uasset" 135
"../../../Engine/Content/EngineDebugMaterials/DebugEditorMaterial.uexp" 136
"../../../Engine/Content/EngineFonts/Faces/RobotoLight.uexp" 137
"../../../Engine/Content/EngineFonts/Faces/RobotoLight.uasset" 138
"../../../Engine/Content/EngineFonts/Faces/RobotoLight.ufont" 139
"../../../Engine/Content/EngineFonts/Faces/RobotoBold.uexp" 140
"../../../Engine/Content/EngineFonts/Faces/RobotoBold.uasset" 141
"../../../Engine/Content/EngineFonts/Faces/RobotoBold.ufont" 142
"../../../Engine/Content/EngineFonts/Faces/RobotoRegular.uexp" 143
"../../../Engine/Content/EngineFonts/Faces/RobotoRegular.uasset" 144
"../../../Engine/Content/EngineFonts/Faces/RobotoRegular.ufont" 145
"../../../Engine/Content/EngineFonts/Faces/DroidSansFallback.uexp" 146
"../../../Engine/Content/EngineFonts/Faces/DroidSansFallback.uasset" 147
"../../../Engine/Content/EngineFonts/Faces/DroidSansFallback.ufont" 148
"../../../Engine/Content/EngineFonts/Faces/RobotoItalic.uexp" 149
"../../../Engine/Content/EngineFonts/Faces/RobotoItalic.uasset" 150
"../../../Engine/Content/EngineFonts/Faces/RobotoItalic.ufont" 151
"../../../Engine/Content/EngineFonts/Faces/RobotoBoldItalic.uexp" 152
"../../../Engine/Content/EngineFonts/Faces/RobotoBoldItalic.uasset" 153
"../../../Engine/Content/EngineFonts/Faces/RobotoBoldItalic.ufont" 154
"../../../Engine/Content/EngineFonts/Roboto.uasset" 155
"../../../Engine/Content/EngineFonts/Roboto.uexp" 156
"../../../Engine/Content/EngineResources/WhiteSquareTexture.uasset" 157
"../../../Engine/Content/EngineResources/WhiteSquareTexture.uexp" 158
"../../../Engine/Content/EngineMaterials/Widget3DPassThrough.uasset" 159
"../../../Engine/Content/EngineMaterials/Widget3DPassThrough.uexp" 160
"../../../Engine/Content/EngineMaterials/Widget3DPassThrough_Translucent.uasset" 161
"../../../Engine/Content/EngineMaterials/Widget3DPassThrough_Translucent.uexp" 162
"../../../Engine/Content/EngineMaterials/Widget3DPassThrough_Translucent_OneSided.uasset" 163
"../../../Engine/Content/EngineMaterials/Widget3DPassThrough_Translucent_OneSided.uexp" 164
"../../../Engine/Content/EngineMaterials/Widget3DPassThrough_Opaque.uasset" 165
"../../../Engine/Content/EngineMaterials/Widget3DPassThrough_Opaque.uexp" 166
"../../../Engine/Content/EngineMaterials/Widget3DPassThrough_Opaque_OneSided.uasset" 167
"../../../Engine/Content/EngineMaterials/Widget3DPassThrough_Opaque_OneSided.uexp" 168
"../../../Engine/Content/EngineMaterials/Widget3DPassThrough_Masked_OneSided.uasset" 169
"../../../Engine/Content/EngineMaterials/Widget3DPassThrough_Masked_OneSided.uexp" 170
"../../../Engine/Content/EngineMaterials/Widget3DPassThrough_Masked.uasset" 171
"../../../Engine/Content/EngineMaterials/Widget3DPassThrough_Masked.uexp" 172
"../../../Engine/Content/EngineMaterials/WeightMapPlaceholderTexture.uasset" 173
"../../../Engine/Content/EngineMaterials/WeightMapPlaceholderTexture.uexp" 174
"../../../Engine/Content/EngineMaterials/RemoveSurfaceMaterial.uasset" 175
"../../../Engine/Content/EngineMaterials/RemoveSurfaceMaterial.uexp" 176
"../../../Engine/Content/EngineMaterials/PreintegratedSkinBRDF.uasset" 177
"../../../Engine/Content/EngineMaterials/PreintegratedSkinBRDF.uexp" 178
"../../../Engine/Content/EngineMaterials/DefaultCalibrationGrayscale.uasset" 179
"../../../Engine/Content/EngineMaterials/DefaultCalibrationGrayscale.uexp" 180
"../../../Engine/Content/EngineMaterials/PPM_DefaultCalibrationGrayscale.uasset" 181
"../../../Engine/Content/EngineMaterials/PPM_DefaultCalibrationGrayscale.uexp" 182
"../../../Engine/Content/EngineMaterials/DefaultCalibrationColor.uasset" 183
"../../../Engine/Content/EngineMaterials/DefaultCalibrationColor.uexp" 184
"../../../Engine/Content/EngineMaterials/PPM_DefaultCalibrationColor.uasset" 185
"../../../Engine/Content/EngineMaterials/PPM_DefaultCalibrationColor.uexp" 186
"../../../Engine/Content/Functions/Engine_MaterialFunctions02/WorldPositionOffset/CameraOffset.uasset" 187
"../../../Engine/Content/Functions/Engine_MaterialFunctions02/WorldPositionOffset/CameraOffset.uexp" 188
"../../../Engine/Content/EngineMaterials/PhAT_JointLimitMaterial.uasset" 189
"../../../Engine/Content/EngineMaterials/PhAT_JointLimitMaterial.uexp" 190
"../../../Engine/Content/EngineMaterials/InvalidLightmapSettings.ubulk" 191
"../../../Engine/Content/EngineMaterials/InvalidLightmapSettings.uasset" 192
"../../../Engine/Content/EngineMaterials/InvalidLightmapSettings.uexp" 193
"../../../Engine/Content/EngineMaterials/M_InvalidLightmapSettings.uasset" 194
"../../../Engine/Content/EngineMaterials/M_InvalidLightmapSettings.uexp" 195
"../../../Engine/Content/EngineMaterials/MiniFont.uasset" 196
"../../../Engine/Content/EngineMaterials/MiniFont.uexp" 197
"../../../Engine/Content/EngineMaterials/Good64x64TilingNoiseHighFreq.uasset" 198
"../../../Engine/Content/EngineMaterials/Good64x64TilingNoiseHighFreq.uexp" 199
"../../../Engine/Content/EngineMaterials/GizmoMaterial.uasset" 200
"../../../Engine/Content/EngineMaterials/GizmoMaterial.uexp" 201
"../../../Engine/Content/EngineMaterials/BaseFlattenEmissiveMap_VT.uasset" 202
"../../../Engine/Content/EngineMaterials/BaseFlattenEmissiveMap_VT.uexp" 203
"../../../Engine/Content/EngineMaterials/BaseFlattenGrayscaleMap_VT.uasset" 204
"../../../Engine/Content/EngineMaterials/BaseFlattenGrayscaleMap_VT.uexp" 205
"../../../Engine/Content/EngineMaterials/BaseFlattenLinearColor_VT.uasset" 206
"../../../Engine/Content/EngineMaterials/BaseFlattenLinearColor_VT.uexp" 207
"../../../Engine/Content/EngineMaterials/Black_1x1_EXR_Texture_VT.uasset" 208
"../../../Engine/Content/EngineMaterials/Black_1x1_EXR_Texture_VT.uexp" 209
"../../../Engine/Content/EngineMaterials/BaseFlattenDiffuseMap_VT.uasset" 210
"../../../Engine/Content/EngineMaterials/BaseFlattenDiffuseMap_VT.uexp" 211
"../../../Engine/Content/EngineMaterials/BaseFlattenNormalMap_VT.uasset" 212
"../../../Engine/Content/EngineMaterials/BaseFlattenNormalMap_VT.uexp" 213
"../../../Engine/Content/EngineMaterials/FlattenMaterial_WS_Normal_VT.uasset" 214
"../../../Engine/Content/EngineMaterials/FlattenMaterial_WS_Normal_VT.uexp" 215
"../../../Engine/Content/EngineMaterials/FlattenMaterial_VT.uasset" 216
"../../../Engine/Content/EngineMaterials/FlattenMaterial_VT.uexp" 217
"../../../Engine/Content/EngineMaterials/BaseFlattenNormalMap.uasset" 218
"../../../Engine/Content/EngineMaterials/BaseFlattenNormalMap.uexp" 219
"../../../Engine/Content/EngineMaterials/BaseFlattenGrayscaleMap.uasset" 220
"../../../Engine/Content/EngineMaterials/BaseFlattenGrayscaleMap.uexp" 221
"../../../Engine/Content/EngineMaterials/BaseFlattenDiffuseMap.uasset" 222
"../../../Engine/Content/EngineMaterials/BaseFlattenDiffuseMap.uexp" 223
"../../../Engine/Content/Functions/Engine_MaterialFunctions02/PivotPainter2/Black_1x1_EXR_Texture.uasset" 224
"../../../Engine/Content/Functions/Engine_MaterialFunctions02/PivotPainter2/Black_1x1_EXR_Texture.uexp" 225
"../../../Engine/Content/EngineMaterials/BaseFlattenEmissiveMap.uasset" 226
"../../../Engine/Content/EngineMaterials/BaseFlattenEmissiveMap.uexp" 227
"../../../Engine/Content/EngineMaterials/BaseFlattenLinearColor.uasset" 228
"../../../Engine/Content/EngineMaterials/BaseFlattenLinearColor.uexp" 229
"../../../Engine/Content/EngineMaterials/FlattenMaterial.uasset" 230
"../../../Engine/Content/EngineMaterials/FlattenMaterial.uexp" 231
"../../../Engine/Content/EngineMaterials/DefaultWhiteGrid_Low.uasset" 232
"../../../Engine/Content/EngineMaterials/DefaultWhiteGrid_Low.uexp" 233
"../../../Engine/Content/EngineMaterials/EmissiveMeshMaterial.uasset" 234
"../../../Engine/Content/EngineMaterials/EmissiveMeshMaterial.uexp" 235
"../../../Engine/Content/EngineMaterials/DefaultWhiteGrid.ubulk" 236
"../../../Engine/Content/EngineMaterials/DefaultWhiteGrid.uasset" 237
"../../../Engine/Content/EngineMaterials/DefaultWhiteGrid.uexp" 238
"../../../Engine/Content/EngineFonts/RobotoDistanceField.uasset" 239
"../../../Engine/Content/EngineFonts/RobotoDistanceField.uexp" 240
"../../../Engine/Content/EngineMaterials/DefaultTextMaterialOpaque.uasset" 241
"../../../Engine/Content/EngineMaterials/DefaultTextMaterialOpaque.uexp" 242
"../../../Engine/Content/EngineMaterials/DefaultDiffuse.ubulk" 243
"../../../Engine/Content/EngineMaterials/DefaultDiffuse.uasset" 244
"../../../Engine/Content/EngineMaterials/DefaultDiffuse.uexp" 245
"../../../Engine/Content/Functions/Engine_MaterialFunctions02/Utility/BreakOutFloat2Components.uasset" 246
"../../../Engine/Content/Functions/Engine_MaterialFunctions02/Utility/BreakOutFloat2Components.uexp" 247
"../../../Engine/Content/EngineMaterials/DefaultPostProcessMaterial.uasset" 248
"../../../Engine/Content/EngineMaterials/DefaultPostProcessMaterial.uexp" 249
"../../../Engine/Content/EngineMaterials/DefaultPhysicalMaterial.uasset" 250
"../../../Engine/Content/EngineMaterials/DefaultPhysicalMaterial.uexp" 251
"../../../Engine/Content/EngineMeshes/Sphere.ubulk" 252
"../../../Engine/Content/EngineMeshes/Sphere.uasset" 253
"../../../Engine/Content/EngineMeshes/Sphere.uexp" 254
"../../../Engine/Content/EngineMaterials/DefaultLightFunctionMaterial.uasset" 255
"../../../Engine/Content/EngineMaterials/DefaultLightFunctionMaterial.uexp" 256
"../../../Engine/Content/EngineMaterials/DefaultDestructiblePhysicalMaterial.uasset" 257
"../../../Engine/Content/EngineMaterials/DefaultDestructiblePhysicalMaterial.uexp" 258
"../../../Engine/Content/EngineMaterials/DefaultDeferredDecalMaterial.uasset" 259
"../../../Engine/Content/EngineMaterials/DefaultDeferredDecalMaterial.uexp" 260
"../../../Engine/Content/EngineMaterials/DefaultBokeh.uasset" 261
"../../../Engine/Content/EngineMaterials/DefaultBokeh.uexp" 262
"../../../Engine/Content/EngineMaterials/DefaultBloomKernel.uasset" 263
"../../../Engine/Content/EngineMaterials/DefaultBloomKernel.uexp" 264
"../../../Engine/Content/EngineMaterials/BlueNoise.uasset" 265
"../../../Engine/Content/EngineMaterials/BlueNoise.uexp" 266
"../../../Engine/Content/EngineResources/GradientTexture0.uasset" 267
"../../../Engine/Content/EngineResources/GradientTexture0.uexp" 268
"../../../Engine/Content/EngineResources/DefaultVolumeTexture2D.uasset" 269
"../../../Engine/Content/EngineResources/DefaultVolumeTexture2D.uexp" 270
"../../../Engine/Content/EngineResources/DefaultVolumeTexture.uasset" 271
"../../../Engine/Content/EngineResources/DefaultVolumeTexture.uexp" 272
"../../../Engine/Content/EngineResources/DefaultTextureCube.uasset" 273
"../../../Engine/Content/EngineResources/DefaultTextureCube.uexp" 274
"../../../Engine/Content/EngineResources/DefaultTexture.ubulk" 275
"../../../Engine/Content/EngineResources/DefaultTexture.uasset" 276
"../../../Engine/Content/EngineResources/DefaultTexture.uexp" 277
"../../../Engine/Content/EngineResources/Black.uasset" 278
"../../../Engine/Content/EngineResources/Black.uexp" 279
"../../../Engine/Content/EngineResources/FilmGrains/Marcie_Grain_v3_128_M2_000.uasset" 280
"../../../Engine/Content/EngineResources/FilmGrains/Marcie_Grain_v3_128_M2_000.uexp" 281
"../../../Engine/Content/EngineSky/VolumetricClouds/CloudWeatherTexture.uasset" 282
"../../../Engine/Content/EngineSky/VolumetricClouds/CloudWeatherTexture.uexp" 283
"../../../Engine/Content/Functions/Engine_MaterialFunctions02/Utility/MakeFloat2.uasset" 284
"../../../Engine/Content/Functions/Engine_MaterialFunctions02/Utility/MakeFloat2.uexp" 285
"../../../Engine/Content/EngineSky/VolumetricClouds/CloudGradientTexture.uasset" 286
"../../../Engine/Content/EngineSky/VolumetricClouds/CloudGradientTexture.uexp" 287
"../../../Engine/Content/EngineSky/VolumetricClouds/T_NoiseShape64.ubulk" 288
"../../../Engine/Content/EngineSky/VolumetricClouds/T_NoiseShape64.uasset" 289
"../../../Engine/Content/EngineSky/VolumetricClouds/T_NoiseShape64.uexp" 290
"../../../Engine/Content/EngineSky/VolumetricClouds/T_VolumeNoiseShape64.uasset" 291
"../../../Engine/Content/EngineSky/VolumetricClouds/T_VolumeNoiseShape64.uexp" 292
"../../../Engine/Content/EngineSky/VolumetricClouds/T_NoiseErosion.ubulk" 293
"../../../Engine/Content/EngineSky/VolumetricClouds/T_NoiseErosion.uasset" 294
"../../../Engine/Content/EngineSky/VolumetricClouds/T_NoiseErosion.uexp" 295
"../../../Engine/Content/EngineSky/VolumetricClouds/T_VolumeNoiseErosion32.uasset" 296
"../../../Engine/Content/EngineSky/VolumetricClouds/T_VolumeNoiseErosion32.uexp" 297
"../../../Engine/Content/EngineSky/VolumetricClouds/m_SimpleVolumetricCloud.uasset" 298
"../../../Engine/Content/EngineSky/VolumetricClouds/m_SimpleVolumetricCloud.uexp" 299
"../../../Engine/Content/EngineSky/VolumetricClouds/m_SimpleVolumetricCloud_Inst.uasset" 300
"../../../Engine/Content/EngineSky/VolumetricClouds/m_SimpleVolumetricCloud_Inst.uexp" 301
"../../../Engine/Content/EngineSounds/Master.uasset" 302
"../../../Engine/Content/EngineSounds/Master.uexp" 303
"../../../Engine/Content/Functions/Engine_MaterialFunctions01/Shading/PowerToRoughness.uasset" 304
"../../../Engine/Content/Functions/Engine_MaterialFunctions01/Shading/PowerToRoughness.uexp" 305
"../../../Engine/Content/Functions/Engine_MaterialFunctions01/Shading/ConvertFromDiffSpec.uasset" 306
"../../../Engine/Content/Functions/Engine_MaterialFunctions01/Shading/ConvertFromDiffSpec.uexp" 307
"../../../Engine/Content/MobileResources/HUD/VirtualJoystick_Background.uasset" 308
"../../../Engine/Content/MobileResources/HUD/VirtualJoystick_Background.uexp" 309
"../../../Engine/Content/MobileResources/HUD/VirtualJoystick_Thumb.uasset" 310
"../../../Engine/Content/MobileResources/HUD/VirtualJoystick_Thumb.uexp" 311
"../../../Engine/Content/MobileResources/HUD/DefaultVirtualJoysticks.uasset" 312
"../../../Engine/Content/MobileResources/HUD/DefaultVirtualJoysticks.uexp" 313
"../../../Engine/Content/Tutorial/ContentIntroCurve.uasset" 314
"../../../Engine/Content/Tutorial/ContentIntroCurve.uexp" 315
"../../../Engine/Content/VREditor/TransformGizmo/Main.uasset" 316
"../../../Engine/Content/VREditor/TransformGizmo/Main.uexp" 317
"../../../Engine/Content/VREditor/TransformGizmo/Xray.uasset" 318
"../../../Engine/Content/VREditor/TransformGizmo/Xray.uexp" 319
"../../../Engine/Content/VREditor/TransformGizmo/SM_Sequencer_Node.ubulk" 320
"../../../Engine/Content/VREditor/TransformGizmo/SM_Sequencer_Node.uasset" 321
"../../../Engine/Content/VREditor/TransformGizmo/SM_Sequencer_Node.uexp" 322
"../../../Engine/Content/VREditor/LaserPointer/VR_LaserPower_01.ubulk" 323
"../../../Engine/Content/VREditor/LaserPointer/VR_LaserPower_01.uasset" 324
"../../../Engine/Content/VREditor/LaserPointer/VR_LaserPower_01.uexp" 325
"../../../Engine/Content/VREditor/TransformGizmo/TransformGizmoMaterial.uasset" 326
"../../../Engine/Content/VREditor/TransformGizmo/TransformGizmoMaterial.uexp" 327
"../../../Engine/Content/VREditor/TransformGizmo/TranslucentTransformGizmoMaterial.uasset" 328
"../../../Engine/Content/VREditor/TransformGizmo/TranslucentTransformGizmoMaterial.uexp" 329
"../../../Engine/Content/VREditor/TransformGizmo/PlaneTranslationHandle.ubulk" 330
"../../../Engine/Content/VREditor/TransformGizmo/PlaneTranslationHandle.uasset" 331
"../../../Engine/Content/VREditor/TransformGizmo/PlaneTranslationHandle.uexp" 332
"../../../Engine/Content/VREditor/TransformGizmo/BoundingBoxEdge.ubulk" 333
"../../../Engine/Content/VREditor/TransformGizmo/BoundingBoxEdge.uasset" 334
"../../../Engine/Content/VREditor/TransformGizmo/BoundingBoxEdge.uexp" 335
"../../../Engine/Content/VREditor/TransformGizmo/BoundingBoxCorner.ubulk" 336
"../../../Engine/Content/VREditor/TransformGizmo/BoundingBoxCorner.uasset" 337
"../../../Engine/Content/VREditor/TransformGizmo/BoundingBoxCorner.uexp" 338
"../../../Engine/Plugins/2D/Paper2D/Content/PlaceholderTextures/DummySpriteTexture.ubulk" 339
"../../../Engine/Plugins/2D/Paper2D/Content/PlaceholderTextures/DummySpriteTexture.uasset" 340
"../../../Engine/Plugins/2D/Paper2D/Content/PlaceholderTextures/DummySpriteTexture.uexp" 341
"../../../Engine/Plugins/2D/Paper2D/Content/DefaultSpriteMaterial.uasset" 342
"../../../Engine/Plugins/2D/Paper2D/Content/DefaultSpriteMaterial.uexp" 343
"../../../Engine/Plugins/2D/Paper2D/Content/OpaqueUnlitSpriteMaterial.uasset" 344
"../../../Engine/Plugins/2D/Paper2D/Content/OpaqueUnlitSpriteMaterial.uexp" 345
"../../../Engine/Plugins/2D/Paper2D/Content/MaskedUnlitSpriteMaterial.uasset" 346
"../../../Engine/Plugins/2D/Paper2D/Content/MaskedUnlitSpriteMaterial.uexp" 347
"../../../Engine/Plugins/2D/Paper2D/Content/DummySprite.uasset" 348
"../../../Engine/Plugins/2D/Paper2D/Content/DummySprite.uexp" 349
"../../../Engine/Plugins/2D/Paper2D/Content/DefaultPaperTerrainMaterial.uasset" 350
"../../../Engine/Plugins/2D/Paper2D/Content/DefaultPaperTerrainMaterial.uexp" 351
"../../../Engine/Plugins/Editor/SpeedTreeImporter/Content/SpeedTree9/game_wind_noise.ubulk" 352
"../../../Engine/Plugins/Editor/SpeedTreeImporter/Content/SpeedTree9/game_wind_noise.uasset" 353
"../../../Engine/Plugins/Editor/SpeedTreeImporter/Content/SpeedTree9/game_wind_noise.uexp" 354
"../../../Engine/Plugins/Editor/SpeedTreeImporter/Content/SpeedTree9/UnpackDirection.uasset" 355
"../../../Engine/Plugins/Editor/SpeedTreeImporter/Content/SpeedTree9/UnpackDirection.uexp" 356
"../../../Engine/Content/Functions/Engine_MaterialFunctions02/ObjectLocalBounds.uasset" 357
"../../../Engine/Content/Functions/Engine_MaterialFunctions02/ObjectLocalBounds.uexp" 358
"../../../Engine/Content/Functions/Engine_MaterialFunctions02/UVs/BoundingBoxBased_0-1_UVW.uasset" 359
"../../../Engine/Content/Functions/Engine_MaterialFunctions02/UVs/BoundingBoxBased_0-1_UVW.uexp" 360
"../../../Engine/Content/Functions/Engine_MaterialFunctions02/Utility/VectorLength.uasset" 361
"../../../Engine/Content/Functions/Engine_MaterialFunctions02/Utility/VectorLength.uexp" 362
"../../../Engine/Plugins/Editor/SpeedTreeImporter/Content/SpeedTree9/UnpackInteger3.uasset" 363
"../../../Engine/Plugins/Editor/SpeedTreeImporter/Content/SpeedTree9/UnpackInteger3.uexp" 364
"../../../Engine/Plugins/Editor/SpeedTreeImporter/Content/SpeedTree9/SpeedTreeCameraFacing.uasset" 365
"../../../Engine/Plugins/Editor/SpeedTreeImporter/Content/SpeedTree9/SpeedTreeCameraFacing.uexp" 366
"../../../Engine/Content/Functions/Engine_MaterialFunctions02/WorldPositionOffset/ObjectScale.uasset" 367
"../../../Engine/Content/Functions/Engine_MaterialFunctions02/WorldPositionOffset/ObjectScale.uexp" 368
"../../../Engine/Content/Functions/Engine_MaterialFunctions02/SafeNormalize.uasset" 369
"../../../Engine/Content/Functions/Engine_MaterialFunctions02/SafeNormalize.uexp" 370
"../../../Engine/Plugins/Editor/SpeedTreeImporter/Content/SpeedTree9/SpeedTreeWindMotion.uasset" 371
"../../../Engine/Plugins/Editor/SpeedTreeImporter/Content/SpeedTree9/SpeedTreeWindMotion.uexp" 372
"../../../Engine/Plugins/Editor/SpeedTreeImporter/Content/SpeedTree9/SpeedTreeBranchMotion.uasset" 373
"../../../Engine/Plugins/Editor/SpeedTreeImporter/Content/SpeedTree9/SpeedTreeBranchMotion.uexp" 374
"../../../Engine/Plugins/Editor/SpeedTreeImporter/Content/SpeedTree9/SpeedTreeWind.uasset" 375
"../../../Engine/Plugins/Editor/SpeedTreeImporter/Content/SpeedTree9/SpeedTreeWind.uexp" 376
"../../../Engine/Plugins/Editor/SpeedTreeImporter/Content/SpeedTree9/EmptyNormal.uasset" 377
"../../../Engine/Plugins/Editor/SpeedTreeImporter/Content/SpeedTree9/EmptyNormal.uexp" 378
"../../../Engine/Plugins/Editor/SpeedTreeImporter/Content/SpeedTree9/Empty.uasset" 379
"../../../Engine/Plugins/Editor/SpeedTreeImporter/Content/SpeedTree9/Empty.uexp" 380
"../../../Engine/Plugins/Editor/SpeedTreeImporter/Content/SpeedTree9/SpeedTreeMaster.uasset" 381
"../../../Engine/Plugins/Editor/SpeedTreeImporter/Content/SpeedTree9/SpeedTreeMaster.uexp" 382
"../../../Engine/Plugins/Editor/SpeedTreeImporter/Content/SpeedTree9/SpeedTreeBillboard.uasset" 383
"../../../Engine/Plugins/Editor/SpeedTreeImporter/Content/SpeedTree9/SpeedTreeBillboard.uexp" 384
"../../../Engine/Plugins/Editor/SpeedTreeImporter/Content/SpeedTree9/SpeedTreeBillboardMaster.uasset" 385
"../../../Engine/Plugins/Editor/SpeedTreeImporter/Content/SpeedTree9/SpeedTreeBillboardMaster.uexp" 386
"../../../Engine/Plugins/Animation/ControlRig/Content/M_Manip.uasset" 387
"../../../Engine/Plugins/Animation/ControlRig/Content/M_Manip.uexp" 388
"../../../Engine/Plugins/Animation/ControlRig/Content/Controls/DefaultGizmoLibraryNormalized.uasset" 389
"../../../Engine/Plugins/Animation/ControlRig/Content/Controls/DefaultGizmoLibraryNormalized.uexp" 390
"../../../Engine/Plugins/Animation/ControlRig/Content/Controls/ControlRig_Wedge_solid.ubulk" 391
"../../../Engine/Plugins/Animation/ControlRig/Content/Controls/ControlRig_Wedge_solid.uasset" 392
"../../../Engine/Plugins/Animation/ControlRig/Content/Controls/ControlRig_Wedge_solid.uexp" 393
"../../../Engine/Plugins/Animation/ControlRig/Content/Controls/ControlRig_Wedge_3mm.ubulk" 394
"../../../Engine/Plugins/Animation/ControlRig/Content/Controls/ControlRig_Wedge_3mm.uasset" 395
"../../../Engine/Plugins/Animation/ControlRig/Content/Controls/ControlRig_Wedge_3mm.uexp" 396
"../../../Engine/Plugins/Animation/ControlRig/Content/Controls/ControlRig_Wedge_1mm.ubulk" 397
"../../../Engine/Plugins/Animation/ControlRig/Content/Controls/ControlRig_Wedge_1mm.uasset" 398
"../../../Engine/Plugins/Animation/ControlRig/Content/Controls/ControlRig_Wedge_1mm.uexp" 399
"../../../Engine/Plugins/Animation/ControlRig/Content/Controls/ControlRig_Triangle_solid.ubulk" 400
"../../../Engine/Plugins/Animation/ControlRig/Content/Controls/ControlRig_Triangle_solid.uasset" 401
"../../../Engine/Plugins/Animation/ControlRig/Content/Controls/ControlRig_Triangle_solid.uexp" 402
"../../../Engine/Plugins/Animation/ControlRig/Content/Controls/ControlRig_Triangle_3mm.ubulk" 403
"../../../Engine/Plugins/Animation/ControlRig/Content/Controls/ControlRig_Triangle_3mm.uasset" 404
"../../../Engine/Plugins/Animation/ControlRig/Content/Controls/ControlRig_Triangle_3mm.uexp" 405
"../../../Engine/Plugins/Animation/ControlRig/Content/Controls/ControlRig_Triangle_1mm.ubulk" 406
"../../../Engine/Plugins/Animation/ControlRig/Content/Controls/ControlRig_Triangle_1mm.uasset" 407
"../../../Engine/Plugins/Animation/ControlRig/Content/Controls/ControlRig_Triangle_1mm.uexp" 408
"../../../Engine/Plugins/Animation/ControlRig/Content/Controls/ControlRig_Star4_solid.ubulk" 409
"../../../Engine/Plugins/Animation/ControlRig/Content/Controls/ControlRig_Star4_solid.uasset" 410
"../../../Engine/Plugins/Animation/ControlRig/Content/Controls/ControlRig_Star4_solid.uexp" 411
"../../../Engine/Plugins/Animation/ControlRig/Content/Controls/ControlRig_Star4_3mm.ubulk" 412
"../../../Engine/Plugins/Animation/ControlRig/Content/Controls/ControlRig_Star4_3mm.uasset" 413
"../../../Engine/Plugins/Animation/ControlRig/Content/Controls/ControlRig_Star4_3mm.uexp" 414
"../../../Engine/Plugins/Animation/ControlRig/Content/Controls/ControlRig_Star4_1mm.ubulk" 415
"../../../Engine/Plugins/Animation/ControlRig/Content/Controls/ControlRig_Star4_1mm.uasset" 416
"../../../Engine/Plugins/Animation/ControlRig/Content/Controls/ControlRig_Star4_1mm.uexp" 417
"../../../Engine/Plugins/Animation/ControlRig/Content/Controls/ControlRig_Square_solid.ubulk" 418
"../../../Engine/Plugins/Animation/ControlRig/Content/Controls/ControlRig_Square_solid.uasset" 419
"../../../Engine/Plugins/Animation/ControlRig/Content/Controls/ControlRig_Square_solid.uexp" 420
"../../../Engine/Plugins/Animation/ControlRig/Content/Controls/ControlRig_Square_3mm.ubulk" 421
"../../../Engine/Plugins/Animation/ControlRig/Content/Controls/ControlRig_Square_3mm.uasset" 422
"../../../Engine/Plugins/Animation/ControlRig/Content/Controls/ControlRig_Square_3mm.uexp" 423
"../../../Engine/Plugins/Animation/ControlRig/Content/Controls/ControlRig_Square_1mm.ubulk" 424
"../../../Engine/Plugins/Animation/ControlRig/Content/Controls/ControlRig_Square_1mm.uasset" 425
"../../../Engine/Plugins/Animation/ControlRig/Content/Controls/ControlRig_Square_1mm.uexp" 426
"../../../Engine/Plugins/Animation/ControlRig/Content/Controls/ControlRig_Sphere_solid.ubulk" 427
"../../../Engine/Plugins/Animation/ControlRig/Content/Controls/ControlRig_Sphere_solid.uasset" 428
"../../../Engine/Plugins/Animation/ControlRig/Content/Controls/ControlRig_Sphere_solid.uexp" 429
"../../../Engine/Plugins/Animation/ControlRig/Content/Controls/ControlRig_Sphere_3mm.ubulk" 430
"../../../Engine/Plugins/Animation/ControlRig/Content/Controls/ControlRig_Sphere_3mm.uasset" 431
"../../../Engine/Plugins/Animation/ControlRig/Content/Controls/ControlRig_Sphere_3mm.uexp" 432
"../../../Engine/Plugins/Animation/ControlRig/Content/Controls/ControlRig_Sphere_1mm.ubulk" 433
"../../../Engine/Plugins/Animation/ControlRig/Content/Controls/ControlRig_Sphere_1mm.uasset" 434
"../../../Engine/Plugins/Animation/ControlRig/Content/Controls/ControlRig_Sphere_1mm.uexp" 435
"../../../Engine/Plugins/Animation/ControlRig/Content/Controls/ControlRig_RoundedTriangle_solid.ubulk" 436
"../../../Engine/Plugins/Animation/ControlRig/Content/Controls/ControlRig_RoundedTriangle_solid.uasset" 437
"../../../Engine/Plugins/Animation/ControlRig/Content/Controls/ControlRig_RoundedTriangle_solid.uexp" 438
"../../../Engine/Plugins/Animation/ControlRig/Content/Controls/ControlRig_RoundedTriangle_3mm.ubulk" 439
"../../../Engine/Plugins/Animation/ControlRig/Content/Controls/ControlRig_RoundedTriangle_3mm.uasset" 440
"../../../Engine/Plugins/Animation/ControlRig/Content/Controls/ControlRig_RoundedTriangle_3mm.uexp" 441
"../../../Engine/Plugins/Animation/ControlRig/Content/Controls/ControlRig_RoundedTriangle_1mm.ubulk" 442
"../../../Engine/Plugins/Animation/ControlRig/Content/Controls/ControlRig_RoundedTriangle_1mm.uasset" 443
"../../../Engine/Plugins/Animation/ControlRig/Content/Controls/ControlRig_RoundedTriangle_1mm.uexp" 444
"../../../Engine/Plugins/Animation/ControlRig/Content/Controls/ControlRig_RoundedSquare_solid.ubulk" 445
"../../../Engine/Plugins/Animation/ControlRig/Content/Controls/ControlRig_RoundedSquare_solid.uasset" 446
"../../../Engine/Plugins/Animation/ControlRig/Content/Controls/ControlRig_RoundedSquare_solid.uexp" 447
"../../../Engine/Plugins/Animation/ControlRig/Content/Controls/ControlRig_RoundedSquare_3mm.ubulk" 448
"../../../Engine/Plugins/Animation/ControlRig/Content/Controls/ControlRig_RoundedSquare_3mm.uasset" 449
"../../../Engine/Plugins/Animation/ControlRig/Content/Controls/ControlRig_RoundedSquare_3mm.uexp" 450
"../../../Engine/Plugins/Animation/ControlRig/Content/Controls/ControlRig_RoundedSquare_1mm.ubulk" 451
"../../../Engine/Plugins/Animation/ControlRig/Content/Controls/ControlRig_RoundedSquare_1mm.uasset" 452
"../../../Engine/Plugins/Animation/ControlRig/Content/Controls/ControlRig_RoundedSquare_1mm.uexp" 453
"../../../Engine/Plugins/Animation/ControlRig/Content/Controls/ControlRig_QuarterCircle_solid.ubulk" 454
"../../../Engine/Plugins/Animation/ControlRig/Content/Controls/ControlRig_QuarterCircle_solid.uasset" 455
"../../../Engine/Plugins/Animation/ControlRig/Content/Controls/ControlRig_QuarterCircle_solid.uexp" 456
"../../../Engine/Plugins/Animation/ControlRig/Content/Controls/ControlRig_QuarterCircle_3mm.ubulk" 457
"../../../Engine/Plugins/Animation/ControlRig/Content/Controls/ControlRig_QuarterCircle_3mm.uasset" 458
"../../../Engine/Plugins/Animation/ControlRig/Content/Controls/ControlRig_QuarterCircle_3mm.uexp" 459
"../../../Engine/Plugins/Animation/ControlRig/Content/Controls/ControlRig_QuarterCircle_1mm.ubulk" 460
"../../../Engine/Plugins/Animation/ControlRig/Content/Controls/ControlRig_QuarterCircle_1mm.uasset" 461
"../../../Engine/Plugins/Animation/ControlRig/Content/Controls/ControlRig_QuarterCircle_1mm.uexp" 462
"../../../Engine/Plugins/Animation/ControlRig/Content/Controls/ControlRig_Pyramid_solid.ubulk" 463
"../../../Engine/Plugins/Animation/ControlRig/Content/Controls/ControlRig_Pyramid_solid.uasset" 464
"../../../Engine/Plugins/Animation/ControlRig/Content/Controls/ControlRig_Pyramid_solid.uexp" 465
"../../../Engine/Plugins/Animation/ControlRig/Content/Controls/ControlRig_Pyramid_3mm.ubulk" 466
"../../../Engine/Plugins/Animation/ControlRig/Content/Controls/ControlRig_Pyramid_3mm.uasset" 467
"../../../Engine/Plugins/Animation/ControlRig/Content/Controls/ControlRig_Pyramid_3mm.uexp" 468
"../../../Engine/Plugins/Animation/ControlRig/Content/Controls/ControlRig_Pyramid_1mm.ubulk" 469
"../../../Engine/Plugins/Animation/ControlRig/Content/Controls/ControlRig_Pyramid_1mm.uasset" 470
"../../../Engine/Plugins/Animation/ControlRig/Content/Controls/ControlRig_Pyramid_1mm.uexp" 471
"../../../Engine/Plugins/Animation/ControlRig/Content/Controls/ControlRig_Octagon_solid.ubulk" 472
"../../../Engine/Plugins/Animation/ControlRig/Content/Controls/ControlRig_Octagon_solid.uasset" 473
"../../../Engine/Plugins/Animation/ControlRig/Content/Controls/ControlRig_Octagon_solid.uexp" 474
"../../../Engine/Plugins/Animation/ControlRig/Content/Controls/ControlRig_Octagon_3mm.ubulk" 475
"../../../Engine/Plugins/Animation/ControlRig/Content/Controls/ControlRig_Octagon_3mm.uasset" 476
"../../../Engine/Plugins/Animation/ControlRig/Content/Controls/ControlRig_Octagon_3mm.uexp" 477
"../../../Engine/Plugins/Animation/ControlRig/Content/Controls/ControlRig_Octagon_1mm.ubulk" 478
"../../../Engine/Plugins/Animation/ControlRig/Content/Controls/ControlRig_Octagon_1mm.uasset" 479
"../../../Engine/Plugins/Animation/ControlRig/Content/Controls/ControlRig_Octagon_1mm.uexp" 480
"../../../Engine/Plugins/Animation/ControlRig/Content/Controls/ControlRig_Hexagon_solid.ubulk" 481
"../../../Engine/Plugins/Animation/ControlRig/Content/Controls/ControlRig_Hexagon_solid.uasset" 482
"../../../Engine/Plugins/Animation/ControlRig/Content/Controls/ControlRig_Hexagon_solid.uexp" 483
"../../../Engine/Plugins/Animation/ControlRig/Content/Controls/ControlRig_Hexagon_3mm.ubulk" 484
"../../../Engine/Plugins/Animation/ControlRig/Content/Controls/ControlRig_Hexagon_3mm.uasset" 485
"../../../Engine/Plugins/Animation/ControlRig/Content/Controls/ControlRig_Hexagon_3mm.uexp" 486
"../../../Engine/Plugins/Animation/ControlRig/Content/Controls/ControlRig_Hexagon_1mm.ubulk" 487
"../../../Engine/Plugins/Animation/ControlRig/Content/Controls/ControlRig_Hexagon_1mm.uasset" 488
"../../../Engine/Plugins/Animation/ControlRig/Content/Controls/ControlRig_Hexagon_1mm.uexp" 489
"../../../Engine/Plugins/Animation/ControlRig/Content/Controls/ControlRig_HalfCircle_solid.ubulk" 490
"../../../Engine/Plugins/Animation/ControlRig/Content/Controls/ControlRig_HalfCircle_solid.uasset" 491
"../../../Engine/Plugins/Animation/ControlRig/Content/Controls/ControlRig_HalfCircle_solid.uexp" 492
"../../../Engine/Plugins/Animation/ControlRig/Content/Controls/ControlRig_HalfCircle_3mm.ubulk" 493
"../../../Engine/Plugins/Animation/ControlRig/Content/Controls/ControlRig_HalfCircle_3mm.uasset" 494
"../../../Engine/Plugins/Animation/ControlRig/Content/Controls/ControlRig_HalfCircle_3mm.uexp" 495
"../../../Engine/Plugins/Animation/ControlRig/Content/Controls/ControlRig_HalfCircle_1mm.ubulk" 496
"../../../Engine/Plugins/Animation/ControlRig/Content/Controls/ControlRig_HalfCircle_1mm.uasset" 497
"../../../Engine/Plugins/Animation/ControlRig/Content/Controls/ControlRig_HalfCircle_1mm.uexp" 498
"../../../Engine/Plugins/Animation/ControlRig/Content/Controls/ControlRig_Diamond_solid.ubulk" 499
"../../../Engine/Plugins/Animation/ControlRig/Content/Controls/ControlRig_Diamond_solid.uasset" 500
"../../../Engine/Plugins/Animation/ControlRig/Content/Controls/ControlRig_Diamond_solid.uexp" 501
"../../../Engine/Plugins/Animation/ControlRig/Content/Controls/ControlRig_Diamond_3mm.ubulk" 502
"../../../Engine/Plugins/Animation/ControlRig/Content/Controls/ControlRig_Diamond_3mm.uasset" 503
"../../../Engine/Plugins/Animation/ControlRig/Content/Controls/ControlRig_Diamond_3mm.uexp" 504
"../../../Engine/Plugins/Animation/ControlRig/Content/Controls/ControlRig_Diamond_1mm.ubulk" 505
"../../../Engine/Plugins/Animation/ControlRig/Content/Controls/ControlRig_Diamond_1mm.uasset" 506
"../../../Engine/Plugins/Animation/ControlRig/Content/Controls/ControlRig_Diamond_1mm.uexp" 507
"../../../Engine/Plugins/Animation/ControlRig/Content/Controls/ControlRig_Circle_solid.ubulk" 508
"../../../Engine/Plugins/Animation/ControlRig/Content/Controls/ControlRig_Circle_solid.uasset" 509
"../../../Engine/Plugins/Animation/ControlRig/Content/Controls/ControlRig_Circle_solid.uexp" 510
"../../../Engine/Plugins/Animation/ControlRig/Content/Controls/ControlRig_Circle_3mm.ubulk" 511
"../../../Engine/Plugins/Animation/ControlRig/Content/Controls/ControlRig_Circle_3mm.uasset" 512
"../../../Engine/Plugins/Animation/ControlRig/Content/Controls/ControlRig_Circle_3mm.uexp" 513
"../../../Engine/Plugins/Animation/ControlRig/Content/Controls/ControlRig_Circle_1mm.ubulk" 514
"../../../Engine/Plugins/Animation/ControlRig/Content/Controls/ControlRig_Circle_1mm.uasset" 515
"../../../Engine/Plugins/Animation/ControlRig/Content/Controls/ControlRig_Circle_1mm.uexp" 516
"../../../Engine/Plugins/Animation/ControlRig/Content/Controls/ControlRig_Box_solid.ubulk" 517
"../../../Engine/Plugins/Animation/ControlRig/Content/Controls/ControlRig_Box_solid.uasset" 518
"../../../Engine/Plugins/Animation/ControlRig/Content/Controls/ControlRig_Box_solid.uexp" 519
"../../../Engine/Plugins/Animation/ControlRig/Content/Controls/ControlRig_Box_3mm.ubulk" 520
"../../../Engine/Plugins/Animation/ControlRig/Content/Controls/ControlRig_Box_3mm.uasset" 521
"../../../Engine/Plugins/Animation/ControlRig/Content/Controls/ControlRig_Box_3mm.uexp" 522
"../../../Engine/Plugins/Animation/ControlRig/Content/Controls/ControlRig_Box_1mm.ubulk" 523
"../../../Engine/Plugins/Animation/ControlRig/Content/Controls/ControlRig_Box_1mm.uasset" 524
"../../../Engine/Plugins/Animation/ControlRig/Content/Controls/ControlRig_Box_1mm.uexp" 525
"../../../Engine/Plugins/Animation/ControlRig/Content/Controls/ControlRig_Arrow_solid.ubulk" 526
"../../../Engine/Plugins/Animation/ControlRig/Content/Controls/ControlRig_Arrow_solid.uasset" 527
"../../../Engine/Plugins/Animation/ControlRig/Content/Controls/ControlRig_Arrow_solid.uexp" 528
"../../../Engine/Plugins/Animation/ControlRig/Content/Controls/ControlRig_Arrow_3mm.ubulk" 529
"../../../Engine/Plugins/Animation/ControlRig/Content/Controls/ControlRig_Arrow_3mm.uasset" 530
"../../../Engine/Plugins/Animation/ControlRig/Content/Controls/ControlRig_Arrow_3mm.uexp" 531
"../../../Engine/Plugins/Animation/ControlRig/Content/Controls/ControlRig_Arrow_1mm.ubulk" 532
"../../../Engine/Plugins/Animation/ControlRig/Content/Controls/ControlRig_Arrow_1mm.uasset" 533
"../../../Engine/Plugins/Animation/ControlRig/Content/Controls/ControlRig_Arrow_1mm.uexp" 534
"../../../Engine/Plugins/Animation/ControlRig/Content/Controls/ControlRig_Arrow4_solid.ubulk" 535
"../../../Engine/Plugins/Animation/ControlRig/Content/Controls/ControlRig_Arrow4_solid.uasset" 536
"../../../Engine/Plugins/Animation/ControlRig/Content/Controls/ControlRig_Arrow4_solid.uexp" 537
"../../../Engine/Plugins/Animation/ControlRig/Content/Controls/ControlRig_Arrow4_3mm.ubulk" 538
"../../../Engine/Plugins/Animation/ControlRig/Content/Controls/ControlRig_Arrow4_3mm.uasset" 539
"../../../Engine/Plugins/Animation/ControlRig/Content/Controls/ControlRig_Arrow4_3mm.uexp" 540
"../../../Engine/Plugins/Animation/ControlRig/Content/Controls/ControlRig_Arrow4_1mm.ubulk" 541
"../../../Engine/Plugins/Animation/ControlRig/Content/Controls/ControlRig_Arrow4_1mm.uasset" 542
"../../../Engine/Plugins/Animation/ControlRig/Content/Controls/ControlRig_Arrow4_1mm.uexp" 543
"../../../Engine/Plugins/Animation/ControlRig/Content/Controls/ControlRig_Arrow2_solid.ubulk" 544
"../../../Engine/Plugins/Animation/ControlRig/Content/Controls/ControlRig_Arrow2_solid.uasset" 545
"../../../Engine/Plugins/Animation/ControlRig/Content/Controls/ControlRig_Arrow2_solid.uexp" 546
"../../../Engine/Plugins/Animation/ControlRig/Content/Controls/ControlRig_Arrow2_3mm.ubulk" 547
"../../../Engine/Plugins/Animation/ControlRig/Content/Controls/ControlRig_Arrow2_3mm.uasset" 548
"../../../Engine/Plugins/Animation/ControlRig/Content/Controls/ControlRig_Arrow2_3mm.uexp" 549
"../../../Engine/Plugins/Animation/ControlRig/Content/Controls/ControlRig_Arrow2_1mm.ubulk" 550
"../../../Engine/Plugins/Animation/ControlRig/Content/Controls/ControlRig_Arrow2_1mm.uasset" 551
"../../../Engine/Plugins/Animation/ControlRig/Content/Controls/ControlRig_Arrow2_1mm.uexp" 552
"../../../Engine/Plugins/Animation/ControlRig/Content/Controls/ControlRigGizmoMaterial.uasset" 553
"../../../Engine/Plugins/Animation/ControlRig/Content/Controls/ControlRigGizmoMaterial.uexp" 554
"../../../Engine/Plugins/Runtime/HairStrands/Content/Materials/HairMeshesDefaultMaterial.uasset" 555
"../../../Engine/Plugins/Runtime/HairStrands/Content/Materials/HairMeshesDefaultMaterial.uexp" 556
"../../../Engine/Plugins/Runtime/HairStrands/Content/Materials/HairDefaultMaterial.uasset" 557
"../../../Engine/Plugins/Runtime/HairStrands/Content/Materials/HairDefaultMaterial.uexp" 558
"../../../Engine/Plugins/Runtime/HairStrands/Content/Materials/HairGroupColors.uasset" 559
"../../../Engine/Plugins/Runtime/HairStrands/Content/Materials/HairGroupColors.uexp" 560
"../../../Engine/Content/EngineMaterials/HairColorMap.uasset" 561
"../../../Engine/Content/EngineMaterials/HairColorMap.uexp" 562
"../../../Engine/Content/EngineMaterials/HairDebugColor.uasset" 563
"../../../Engine/Content/EngineMaterials/HairDebugColor.uexp" 564
"../../../Engine/Plugins/Runtime/HairStrands/Content/Materials/HairDebugMaterial.uasset" 565
"../../../Engine/Plugins/Runtime/HairStrands/Content/Materials/HairDebugMaterial.uexp" 566
"../../../Engine/Plugins/Runtime/HairStrands/Content/Materials/HairCardsDefaultMaterial.uasset" 567
"../../../Engine/Plugins/Runtime/HairStrands/Content/Materials/HairCardsDefaultMaterial.uexp" 568
"G:/Unreal Projects/MiceMen/Content/Blueprints/Base/BP_MM_Singleton.uasset" 569
"G:/Unreal Projects/MiceMen/Content/Blueprints/Base/BP_MM_Singleton.uexp" 570
"G:/Unreal Projects/MiceMen/Content/Assets/Materials/M_Master.uasset" 571
"G:/Unreal Projects/MiceMen/Content/Assets/Materials/M_Master.uexp" 572
"G:/Unreal Projects/MiceMen/Content/Assets/Materials/M_Column.uasset" 573
"G:/Unreal Projects/MiceMen/Content/Assets/Materials/M_Column.uexp" 574
"../../../Engine/Content/BasicShapes/Cube.ubulk" 575
"../../../Engine/Content/BasicShapes/Cube.uasset" 576
"../../../Engine/Content/BasicShapes/Cube.uexp" 577
"../../../Engine/Content/EditorBlueprintResources/StandardMacros.uasset" 578
"../../../Engine/Content/EditorBlueprintResources/StandardMacros.uexp" 579
"G:/Unreal Projects/MiceMen/Content/Blueprints/Gameplay/BP_MM_ColumnControl.uasset" 580
"G:/Unreal Projects/MiceMen/Content/Blueprints/Gameplay/BP_MM_ColumnControl.uexp" 581
"G:/Unreal Projects/MiceMen/Content/Assets/Materials/MI_Block.uasset" 582
"G:/Unreal Projects/MiceMen/Content/Assets/Materials/MI_Block.uexp" 583
"G:/Unreal Projects/MiceMen/Content/Blueprints/Grid/BP_MM_GridBlock.uasset" 584
"G:/Unreal Projects/MiceMen/Content/Blueprints/Grid/BP_MM_GridBlock.uexp" 585
"G:/Unreal Projects/MiceMen/Content/Assets/Materials/MI_Mouse.uasset" 586
"G:/Unreal Projects/MiceMen/Content/Assets/Materials/MI_Mouse.uexp" 587
"../../../Engine/Content/BasicShapes/Sphere.ubulk" 588
"../../../Engine/Content/BasicShapes/Sphere.uasset" 589
"../../../Engine/Content/BasicShapes/Sphere.uexp" 590
"G:/Unreal Projects/MiceMen/Content/Blueprints/Gameplay/BP_MM_Mouse.uasset" 591
"G:/Unreal Projects/MiceMen/Content/Blueprints/Gameplay/BP_MM_Mouse.uexp" 592
"G:/Unreal Projects/MiceMen/Content/Blueprints/Grid/BP_MM_GridManager.uasset" 593
"G:/Unreal Projects/MiceMen/Content/Blueprints/Grid/BP_MM_GridManager.uexp" 594
"G:/Unreal Projects/MiceMen/Content/UI/MM_UI_HUD.uasset" 595
"G:/Unreal Projects/MiceMen/Content/UI/MM_UI_HUD.uexp" 596
"G:/Unreal Projects/MiceMen/Content/UI/MM_UI_StartScreen.uasset" 597
"G:/Unreal Projects/MiceMen/Content/UI/MM_UI_StartScreen.uexp" 598
"G:/Unreal Projects/MiceMen/Content/Blueprints/Player/BP_MM_PlayerController.uasset" 599
"G:/Unreal Projects/MiceMen/Content/Blueprints/Player/BP_MM_PlayerController.uexp" 600
"G:/Unreal Projects/MiceMen/Content/Blueprints/Player/BP_MM_GameViewPawn.uasset" 601
"G:/Unreal Projects/MiceMen/Content/Blueprints/Player/BP_MM_GameViewPawn.uexp" 602
"G:/Unreal Projects/MiceMen/Content/UI/MM_UI_EndScreen.uasset" 603
"G:/Unreal Projects/MiceMen/Content/UI/MM_UI_EndScreen.uexp" 604
"G:/Unreal Projects/MiceMen/Content/Blueprints/Base/BP_MM_GameMode.uasset" 605
"G:/Unreal Projects/MiceMen/Content/Blueprints/Base/BP_MM_GameMode.uexp" 606
"../../../Engine/Content/Maps/Entry_BuiltData.uasset" 607
"../../../Engine/Content/Maps/Entry_BuiltData.uexp" 608
"../../../Engine/Content/Maps/Entry.uexp" 609
"../../../Engine/Content/Maps/Entry.umap" 610
"../../../Engine/Content/EngineMaterials/BlendFunc_DefBlend.uasset" 611
"../../../Engine/Content/EngineMaterials/BlendFunc_DefBlend.uexp" 612
"../../../Engine/Content/EngineMaterials/BlendFunc_DefBase.uasset" 613
"../../../Engine/Content/EngineMaterials/BlendFunc_DefBase.uexp" 614
"../../../Engine/Content/Functions/Engine_MaterialFunctions03/Blends/Blend_Overlay.uasset" 615
"../../../Engine/Content/Functions/Engine_MaterialFunctions03/Blends/Blend_Overlay.uexp" 616
"../../../Engine/Content/OpenWorldTemplate/LandscapeMaterial/T_GridChecker_A.ubulk" 617
"../../../Engine/Content/OpenWorldTemplate/LandscapeMaterial/T_GridChecker_A.uasset" 618
"../../../Engine/Content/OpenWorldTemplate/LandscapeMaterial/T_GridChecker_A.uexp" 619
"../../../Engine/Content/Functions/Engine_MaterialFunctions01/Gradient/LinearGradient.uasset" 620
"../../../Engine/Content/Functions/Engine_MaterialFunctions01/Gradient/LinearGradient.uexp" 621
"../../../Engine/Content/Functions/Engine_MaterialFunctions01/ImageAdjustment/CheapContrast.uasset" 622
"../../../Engine/Content/Functions/Engine_MaterialFunctions01/ImageAdjustment/CheapContrast.uexp" 623
"../../../Engine/Content/OpenWorldTemplate/LandscapeMaterial/MF_ProcGrid.uasset" 624
"../../../Engine/Content/OpenWorldTemplate/LandscapeMaterial/MF_ProcGrid.uexp" 625
"../../../Engine/Content/OpenWorldTemplate/LandscapeMaterial/M_ProcGrid.uasset" 626
"../../../Engine/Content/OpenWorldTemplate/LandscapeMaterial/M_ProcGrid.uexp" 627
"../../../Engine/Content/OpenWorldTemplate/LandscapeMaterial/MI_ProcGrid.uasset" 628
"../../../Engine/Content/OpenWorldTemplate/LandscapeMaterial/MI_ProcGrid.uexp" 629
"../../../Engine/Content/EngineSky/T_Sky_Stars.ubulk" 630
"../../../Engine/Content/EngineSky/T_Sky_Stars.uasset" 631
"../../../Engine/Content/EngineSky/T_Sky_Stars.uexp" 632
"../../../Engine/Content/EngineSky/T_Sky_Clouds_M.ubulk" 633
"../../../Engine/Content/EngineSky/T_Sky_Clouds_M.uasset" 634
"../../../Engine/Content/EngineSky/T_Sky_Clouds_M.uexp" 635
"../../../Engine/Content/EngineSky/T_Sky_Blue.ubulk" 636
"../../../Engine/Content/EngineSky/T_Sky_Blue.uasset" 637
"../../../Engine/Content/EngineSky/T_Sky_Blue.uexp" 638
"../../../Engine/Content/EngineSky/M_Sky_Panning_Clouds2.uasset" 639
"../../../Engine/Content/EngineSky/M_Sky_Panning_Clouds2.uexp" 640
"../../../Engine/Content/EngineSky/SM_SkySphere.ubulk" 641
"../../../Engine/Content/EngineSky/SM_SkySphere.uasset" 642
"../../../Engine/Content/EngineSky/SM_SkySphere.uexp" 643
"G:/Unreal Projects/MiceMen/Content/Assets/Materials/M_PreviewGrid.uasset" 644
"G:/Unreal Projects/MiceMen/Content/Assets/Materials/M_PreviewGrid.uexp" 645
"G:/Unreal Projects/MiceMen/Content/Blueprints/Grid/BP_MM_WorldGrid.uasset" 646
"G:/Unreal Projects/MiceMen/Content/Blueprints/Grid/BP_MM_WorldGrid.uexp" 647
"G:/Unreal Projects/MiceMen/Content/Maps/MiceMen_GameMap_BuiltData.ubulk" 648
"G:/Unreal Projects/MiceMen/Content/Maps/MiceMen_GameMap_BuiltData.uasset" 649
"G:/Unreal Projects/MiceMen/Content/Maps/MiceMen_GameMap_BuiltData.uexp" 650
"../../../Engine/Content/MapTemplates/SM_Template_Map_Floor.ubulk" 651
"../../../Engine/Content/MapTemplates/SM_Template_Map_Floor.uasset" 652
"../../../Engine/Content/MapTemplates/SM_Template_Map_Floor.uexp" 653
"../../../Engine/Content/BasicShapes/BasicShapeMaterial.uasset" 654
"../../../Engine/Content/BasicShapes/BasicShapeMaterial.uexp" 655
"../../../Engine/Content/EngineSky/M_SimpleSkyDome.uasset" 656
"../../../Engine/Content/EngineSky/M_SimpleSkyDome.uexp" 657
"G:/Unreal Projects/MiceMen/Content/Maps/MiceMen_GameMap.uexp" 658
"G:/Unreal Projects/MiceMen/Content/Maps/MiceMen_GameMap.umap" 659
